Removed Pin From Net: NetName=ACC Pin=U3-1
Removed Pin From Net: NetName=EN_GSM Pin=U3-2
Removed Pin From Net: NetName=OMCU_ADC_5V Pin=U3-3
Removed Pin From Net: NetName=ADC_POWER_IN Pin=U3-4
Removed Pin From Net: NetName=UART_TX_COM Pin=U3-5
Removed Pin From Net: NetName=UART_RX_COM Pin=U3-6
Removed Pin From Net: NetName=RFID_SPI_MISO Pin=U3-7
Removed Pin From Net: NetName=RFID_SPI_CS Pin=U3-8
Removed Pin From Net: NetName=FLASH_SPI_CS Pin=U3-11
Removed Pin From Net: NetName=FLASH_SPI_SCK Pin=U3-12
Removed Pin From Net: NetName=FLASH_SPI_MOSI Pin=U3-13
Removed Pin From Net: NetName=FLASH_SPI_MISO Pin=U3-14
Removed Pin From Net: NetName=ALT1.1 Pin=U3-15
Removed Pin From Net: NetName=ALT1.2 Pin=U3-16
Removed Pin From Net: NetName=NetC14_2 Pin=U3-17
Removed Pin From Net: NetName=V_MCU Pin=U3-18
Removed Pin From Net: NetName=GND Pin=U3-19
Removed Pin From Net: NetName=V_MCU Pin=U3-21
Removed Pin From Net: NetName=XT32K 1 Pin=U3-22
Removed Pin From Net: NetName=XT32K 2 Pin=U3-23
Removed Pin From Net: NetName=OSC2 Pin=U3-26
Removed Pin From Net: NetName=OSC1 Pin=U3-27
Removed Pin From Net: NetName=RFID_SPI_SCK Pin=U3-29
Removed Pin From Net: NetName=UART_RX_MX Pin=U3-34
Removed Pin From Net: NetName=BOOT0 Pin=U3-35
Removed Pin From Net: NetName=UART_TX_MX Pin=U3-36
Removed Pin From Net: NetName=MCU_AIR Pin=U3-37
Removed Pin From Net: NetName=MCU_DOOR Pin=U3-38
Removed Pin From Net: NetName=BUZZ Pin=U3-39
Removed Pin From Net: NetName=RFID_EN Pin=U3-40
Removed Pin From Net: NetName=V_MCU Pin=U3-42
Removed Pin From Net: NetName=GND Pin=U3-43
Removed Pin From Net: NetName=EN_GPS Pin=U3-47
Removed Pin From Net: NetName=GSM_RX Pin=U3-49
Removed Pin From Net: NetName=GSM_TX Pin=U3-50
Removed Pin From Net: NetName=PWRKEY_GSM Pin=U3-51
Removed Pin From Net: NetName=GPS_RX Pin=U3-53
Removed Pin From Net: NetName=GPS_TX Pin=U3-54
Removed Pin From Net: NetName=V_MCU Pin=U3-55
Removed Pin From Net: NetName=GND Pin=U3-56
Removed Pin From Net: NetName=LED_GSM Pin=U3-57
Removed Pin From Net: NetName=LED_MEM Pin=U3-58
Removed Pin From Net: NetName=LED_GPS Pin=U3-59
Removed Pin From Net: NetName=LED_DRI Pin=U3-60
Removed Pin From Net: NetName=I2C SCL Pin=U3-61
Removed Pin From Net: NetName=I2C_SDA Pin=U3-62
Removed Pin From Net: NetName=V_MCU Pin=U3-63
Removed Pin From Net: NetName=GND Pin=U3-64
Added Component: Designator=U?(HT_LQFP64)
Add component (AddParameter): Name = "Mfr"; Value = ""; VariantName = "[No Variations]"
Add component (AddParameter): Name = "Mpn"; Value = ""; VariantName = "[No Variations]"
Add component (AddParameter): Name = "Value"; Value = ""; VariantName = "[No Variations]"
Added Pin To Net: NetName=ACC Pin=U?-1
Added Pin To Net: NetName=EN_GSM Pin=U?-2
Added Pin To Net: NetName=OMCU_ADC_5V Pin=U?-3
Added Pin To Net: NetName=ADC_POWER_IN Pin=U?-4
Added Pin To Net: NetName=UART_TX_COM Pin=U?-5
Added Pin To Net: NetName=UART_RX_COM Pin=U?-6
Added Pin To Net: NetName=RFID_SPI_MISO Pin=U?-7
Added Pin To Net: NetName=RFID_SPI_CS Pin=U?-8
Added Pin To Net: NetName=FLASH_SPI_CS Pin=U?-11
Added Pin To Net: NetName=FLASH_SPI_SCK Pin=U?-12
Added Pin To Net: NetName=FLASH_SPI_MOSI Pin=U?-13
Added Pin To Net: NetName=FLASH_SPI_MISO Pin=U?-14
Added Pin To Net: NetName=ALT1.1 Pin=U?-15
Added Pin To Net: NetName=ALT1.2 Pin=U?-16
Added Pin To Net: NetName=NetC14_2 Pin=U?-17
Added Pin To Net: NetName=V_MCU Pin=U?-18
Added Pin To Net: NetName=GND Pin=U?-19
Added Pin To Net: NetName=V_MCU Pin=U?-21
Added Pin To Net: NetName=XT32K 1 Pin=U?-22
Added Pin To Net: NetName=XT32K 2 Pin=U?-23
Added Pin To Net: NetName=OSC2 Pin=U?-26
Added Pin To Net: NetName=OSC1 Pin=U?-27
Added Pin To Net: NetName=RFID_SPI_SCK Pin=U?-29
Added Pin To Net: NetName=UART_RX_MX Pin=U?-34
Added Pin To Net: NetName=BOOT0 Pin=U?-35
Added Pin To Net: NetName=UART_TX_MX Pin=U?-36
Added Pin To Net: NetName=MCU_AIR Pin=U?-37
Added Pin To Net: NetName=MCU_DOOR Pin=U?-38
Added Pin To Net: NetName=BUZZ Pin=U?-39
Added Pin To Net: NetName=RFID_EN Pin=U?-40
Added Pin To Net: NetName=V_MCU Pin=U?-42
Added Pin To Net: NetName=GND Pin=U?-43
Added Pin To Net: NetName=EN_GPS Pin=U?-47
Added Pin To Net: NetName=GSM_RX Pin=U?-49
Added Pin To Net: NetName=GSM_TX Pin=U?-50
Added Pin To Net: NetName=PWRKEY_GSM Pin=U?-51
Added Pin To Net: NetName=GPS_RX Pin=U?-53
Added Pin To Net: NetName=GPS_TX Pin=U?-54
Added Pin To Net: NetName=V_MCU Pin=U?-55
Added Pin To Net: NetName=GND Pin=U?-56
Added Pin To Net: NetName=LED_GSM Pin=U?-57
Added Pin To Net: NetName=LED_MEM Pin=U?-58
Added Pin To Net: NetName=LED_GPS Pin=U?-59
Added Pin To Net: NetName=LED_DRI Pin=U?-60
Added Pin To Net: NetName=I2C SCL Pin=U?-61
Added Pin To Net: NetName=I2C_SDA Pin=U?-62
Added Pin To Net: NetName=V_MCU Pin=U?-63
Added Pin To Net: NetName=GND Pin=U?-64
Added Member To Class: ClassName=U_04 MCU Member=Component U? HT32F52367_LQFP64
