Removed Pin From Net: NetName=NetC23_2 Pin=C23-2
Removed Pin From Net: NetName=NetAT1_1 Pin=C32-1
Removed Pin From Net: NetName=GND Pin=C65-1
Removed Pin From Net: NetName=4V Pin=D3-2
Removed Pin From Net: NetName=NetC23_2 Pin=D6-2
Removed Pin From Net: NetName=NetC32_2 Pin=L3-2
Removed Pin From Net: NetName=NetC23_2 Pin=R11-2
Removed Pin From Net: NetName=GND Pin=U4-1
Removed Pin From Net: NetName=GND Pin=U4-2
Removed Pin From Net: NetName=NetC23_2 Pin=U4-4
Removed Member From Class: ClassName=U_05 Cellular Member=C65
Removed Member From Class: ClassName=U_05 Cellular Member=D6
Removed Member From Class: ClassName=U_05 Cellular Member=L3
Removed Member From Class: ClassName=U_05 Cellular Member=R12
Removed Member From Class: ClassName=U_05 Cellular Member=U4
Removed Member From Class: ClassName=ANT Member=NetC25_1
Removed Member From Class: ClassName=ANT Member=NetC25_2
Removed Member From Class: ClassName=ANT Member=NetL3_1
Change Component Comment : Designator=C25 Old Comment=15pF New Comment=NM
Change Component Comment : Designator=C32 Old Comment=15pF New Comment=NM
Change Component Comment : Designator=C23 Old Comment=33pF New Comment=10uF
Change Component Comment : Designator=R11 Old Comment=100R_NM New Comment=0R
Change component parameters: Designator = "U3" ("U3"); Footprint = "LQFP64"; UniqueID = "\XZTOPUZS\AKWVEFMG" ("\XZTOPUZS\AKWVEFMG")
Change component parameters (AddParameter): Name = "Mfr"; Value = ""; VariantName = "[No Variations]"
Change component parameters (AddParameter): Name = "Mpn"; Value = ""; VariantName = "[No Variations]"
Change component parameters (AddParameter): Name = "Value"; Value = ""; VariantName = "[No Variations]"
Change component parameters: Designator = "C23" ("C23"); Footprint = "0603 - C"; UniqueID = "\KZUTFWLC\XHADHHRI" ("\KZUTFWLC\XHADHHRI")
Change component parameters (AddParameter): Name = "Company ID"; Value = "VT_CAP_C0603 10uF"; VariantName = "[No Variations]"
Change component parameters (AddParameter): Name = "MFR"; Value = "Yageo"; VariantName = "[No Variations]"
Change component parameters (AddParameter): Name = "MPN"; Value = "EMK107BBJ106MA-T"; VariantName = "[No Variations]"
Change component parameters (AddParameter): Name = "Package"; Value = "0603"; VariantName = "[No Variations]"
Change component parameters (AddParameter): Name = "Size"; Value = "C0603: 10uF"; VariantName = "[No Variations]"
Change component parameters (AddParameter): Name = "Value"; Value = "10uF"; VariantName = "[No Variations]"
Change component parameters: Designator = "C25" ("C25"); Footprint = "0402 - C"; UniqueID = "\KZUTFWLC\MNAFTGRX" ("\KZUTFWLC\MNAFTGRX")
Change component parameters (AddParameter): Name = "Company ID"; Value = "VT_CAP_C0402 NM"; VariantName = "[No Variations]"
Change component parameters (AddParameter): Name = "MFR"; Value = "Yageo"; VariantName = "[No Variations]"
Change component parameters (AddParameter): Name = "MPN"; Value = "NM"; VariantName = "[No Variations]"
Change component parameters (AddParameter): Name = "Package"; Value = "0402"; VariantName = "[No Variations]"
Change component parameters (AddParameter): Name = "Size"; Value = "C0402: NM"; VariantName = "[No Variations]"
Change component parameters (AddParameter): Name = "Value"; Value = "NM"; VariantName = "[No Variations]"
Change component parameters (AddParameter): Name = "Voltage"; Value = "6.3V"; VariantName = "[No Variations]"
Change component parameters: Designator = "C32" ("C32"); Footprint = "0402 - C"; UniqueID = "\KZUTFWLC\PDIWNTCC" ("\KZUTFWLC\PDIWNTCC")
Change component parameters (AddParameter): Name = "Company ID"; Value = "VT_CAP_C0402 NM"; VariantName = "[No Variations]"
Change component parameters (AddParameter): Name = "MFR"; Value = "Yageo"; VariantName = "[No Variations]"
Change component parameters (AddParameter): Name = "MPN"; Value = "NM"; VariantName = "[No Variations]"
Change component parameters (AddParameter): Name = "Package"; Value = "0402"; VariantName = "[No Variations]"
Change component parameters (AddParameter): Name = "Size"; Value = "C0402: NM"; VariantName = "[No Variations]"
Change component parameters (AddParameter): Name = "Value"; Value = "NM"; VariantName = "[No Variations]"
Change component parameters (AddParameter): Name = "Voltage"; Value = "6.3V"; VariantName = "[No Variations]"
Change component parameters: Designator = "R11" ("R11"); Footprint = "0402 - R"; UniqueID = "\KZUTFWLC\EXZRGHNI" ("\KZUTFWLC\EXZRGHNI")
Change component parameters (AddParameter): Name = "Company ID"; Value = "VT_RES_R0402 0R"; VariantName = "[No Variations]"
Change component parameters (AddParameter): Name = "MFR"; Value = "Yageo"; VariantName = "[No Variations]"
Change component parameters (AddParameter): Name = "MPN"; Value = "RC0402FR-070RL"; VariantName = "[No Variations]"
Change component parameters (AddParameter): Name = "Package"; Value = "0402"; VariantName = "[No Variations]"
Change component parameters (AddParameter): Name = "Size"; Value = "R0402: 0R"; VariantName = "[No Variations]"
Change component parameters (AddParameter): Name = "Value"; Value = "0R"; VariantName = "[No Variations]"
Added Component: Designator=D8(SOD-123)
Add component (AddParameter): Name = "Company ID"; Value = "VT_DIODE_PMEG6020ER"; VariantName = "[No Variations]"
Add component (AddParameter): Name = "MFR"; Value = "NXP"; VariantName = "[No Variations]"
Add component (AddParameter): Name = "MPN"; Value = "PMEG6020ER,115"; VariantName = "[No Variations]"
Added Pin To Net: NetName=NetC30_2 Pin=C23-2
Added Pin To Net: NetName=GND Pin=C25-1
Added Pin To Net: NetName=NetAT1_1 Pin=C25-2
Added Pin To Net: NetName=GND Pin=C32-1
Added Pin To Net: NetName=NetC23_2 Pin=D3-2
Added Pin To Net: NetName=4V Pin=D8-1
Added Pin To Net: NetName=NetC23_2 Pin=D8-2
Added Pin To Net: NetName=NetC32_2 Pin=M1-11
Added Pin To Net: NetName=NetC32_2 Pin=R11-1
Added Pin To Net: NetName=NetAT1_1 Pin=R11-2
Change Net Name : Old Net Name=NetC23_2 New Net Name=NetD3_2
Change Net Name : Old Net Name=NetC30_2 New Net Name=NetC23_2
Added Member To Class: ClassName=U_03 Power DC Member=Component D8 60V 2A
