Removed Pin From Net: NetName=VIN Pin=D3-2
Removed Pin From Net: NetName=VIN Pin=F1-2
Removed Pin From Net: NetName=TXD Pin=J3-1
Removed Pin From Net: NetName=INPUT Pin=J4-1
Removed Pin From Net: NetName=NTC Pin=J5-1
Removed Pin From Net: NetName=GND Pin=J6-1
Removed Pin From Net: NetName=NetQ1_1 Pin=Q1-1
Removed Pin From Net: NetName=GND Pin=Q1-2
Removed Pin From Net: NetName=MCU_IN Pin=Q1-3
Removed Pin From Net: NetName=MCU_IN Pin=R9-1
Removed Pin From Net: NetName=NetQ1_1 Pin=R11-1
Removed Pin From Net: NetName=INPUT Pin=R11-2
Removed Pin From Net: NetName=NetQ1_1 Pin=R12-1
Removed Pin From Net: NetName=GND Pin=R12-2
Removed Member From Class: ClassName=ACT01_RS232 V3.0 Member=J4
Removed Member From Class: ClassName=ACT01_RS232 V3.0 Member=J5
Removed Member From Class: ClassName=ACT01_RS232 V3.0 Member=J6
Removed Member From Class: ClassName=ACT01_RS232 V3.0 Member=Q1
Removed Member From Class: ClassName=ACT01_RS232 V3.0 Member=R12
Change Component Footprint: Designator=F1 Old Footprint=2016 - Fuse New Footprint=1206 - Fuse
Change Component Footprint: Designator=J3 Old Footprint=TP1 New Footprint=JP2
Change Component Comment : Designator=D1 Old Comment=60V 2A New Comment=1N4148
Change Component Comment : Designator=F1 Old Comment=60V-550mA New Comment=Fuse 30V
Change Component Comment : Designator=R11 Old Comment=68K New Comment=10R
Change Component Comment : Designator=J3 Old Comment=Test Point New Comment=Jumper 2
Change component parameters: Designator = "D1" ("D1"); Footprint = "SOD-123"; UniqueID = "\LINFEEQO" ("\LINFEEQO")
Change component parameters (AddParameter): Name = "Company ID"; Value = "VT_DIODE_1N4148W-7-F"; VariantName = "[No Variations]"
Change component parameters (AddParameter): Name = "MFR"; Value = "DIODES"; VariantName = "[No Variations]"
Change component parameters (AddParameter): Name = "MPN"; Value = "1N4148W-7-F"; VariantName = "[No Variations]"
Change component parameters: Designator = "F1" ("F1"); Footprint = "2016 - Fuse"; UniqueID = "\JJFLHJJN" ("\JJFLHJJN")
Change component parameters (AddParameter): Name = "Company ID"; Value = "VT_Fuse_30V - 0.125A"; VariantName = "[No Variations]"
Change component parameters (AddParameter): Name = "MFR"; Value = "BrightKing"; VariantName = "[No Variations]"
Change component parameters (AddParameter): Name = "MPN"; Value = "SMD1206B012TF"; VariantName = "[No Variations]"
Change component parameters: Designator = "R9" ("R9"); Footprint = "0603 - R"; UniqueID = "\BFPXVVBZ" ("\BFPXVVBZ")
Change component parameters (AddParameter): Name = "Company ID"; Value = "VT_RES_R0603 10K"; VariantName = "[No Variations]"
Change component parameters (AddParameter): Name = "MFR"; Value = "Yageo"; VariantName = "[No Variations]"
Change component parameters (AddParameter): Name = "MPN"; Value = "RC0603FR-0710KL"; VariantName = "[No Variations]"
Change component parameters (AddParameter): Name = "Size"; Value = "R0603: 10K"; VariantName = "[No Variations]"
Change component parameters (AddParameter): Name = "Value"; Value = "10K"; VariantName = "[No Variations]"
Change component parameters: Designator = "R11" ("R11"); Footprint = "0603 - R"; UniqueID = "\BSMBKQHO" ("\BSMBKQHO")
Change component parameters (AddParameter): Name = "Company ID"; Value = "VT_RES_R0603 10R"; VariantName = "[No Variations]"
Change component parameters (AddParameter): Name = "MFR"; Value = "Yageo"; VariantName = "[No Variations]"
Change component parameters (AddParameter): Name = "MPN"; Value = "RC0603FR-0710RL"; VariantName = "[No Variations]"
Change component parameters (AddParameter): Name = "Size"; Value = "R0603: 10R"; VariantName = "[No Variations]"
Change component parameters (AddParameter): Name = "Value"; Value = "10R"; VariantName = "[No Variations]"
Added Component: Designator=C10(0603 - C)
Add component (AddParameter): Name = "Company ID"; Value = "VT_T? ÐI?N_C0603 100nF"; VariantName = "[No Variations]"
Add component (AddParameter): Name = "MFR"; Value = "SAMSUNG"; VariantName = "[No Variations]"
Add component (AddParameter): Name = "MPN"; Value = "CL10C104JB8NNNC"; VariantName = "[No Variations]"
Add component (AddParameter): Name = "Package"; Value = "0603"; VariantName = "[No Variations]"
Add component (AddParameter): Name = "Size"; Value = "C0603: 100nF"; VariantName = "[No Variations]"
Add component (AddParameter): Name = "Value"; Value = "100nF"; VariantName = "[No Variations]"
Add component (AddParameter): Name = "Voltage"; Value = "50V"; VariantName = "[No Variations]"
Added Component: Designator=C11(0603 - C)
Add component (AddParameter): Name = "Company ID"; Value = "VT_T? ÐI?N_C0603 100nF"; VariantName = "[No Variations]"
Add component (AddParameter): Name = "MFR"; Value = "SAMSUNG"; VariantName = "[No Variations]"
Add component (AddParameter): Name = "MPN"; Value = "CL10C104JB8NNNC"; VariantName = "[No Variations]"
Add component (AddParameter): Name = "Package"; Value = "0603"; VariantName = "[No Variations]"
Add component (AddParameter): Name = "Size"; Value = "C0603: 100nF"; VariantName = "[No Variations]"
Add component (AddParameter): Name = "Value"; Value = "100nF"; VariantName = "[No Variations]"
Add component (AddParameter): Name = "Voltage"; Value = "50V"; VariantName = "[No Variations]"
Added Component: Designator=H1(KF128 - 6P)
Add component (AddParameter): Name = "Company ID"; Value = "VT_CONN_KF128 6P"; VariantName = "[No Variations]"
Add component (AddParameter): Name = "MFR"; Value = "China"; VariantName = "[No Variations]"
Add component (AddParameter): Name = "MPN"; Value = "KF128 - 6P"; VariantName = "[No Variations]"
Added Component: Designator=L2(0805 - L)
Add component (AddParameter): Name = "Company ID"; Value = "VT_IND_0805 15uH"; VariantName = "[No Variations]"
Add component (AddParameter): Name = "MFR"; Value = "TDK Corporation"; VariantName = "[No Variations]"
Add component (AddParameter): Name = "MPN"; Value = "MLZ2012M150WT000"; VariantName = "[No Variations]"
Add component (AddParameter): Name = "Size"; Value = "L0805: 15uH"; VariantName = "[No Variations]"
Add component (AddParameter): Name = "Value"; Value = "15uH"; VariantName = "[No Variations]"
Added Pin To Net: NetName=GND Pin=C10-1
Added Pin To Net: NetName=GND Pin=C11-1
Added Pin To Net: NetName=NetQ1_1 Pin=C11-2
Added Pin To Net: NetName=INPUT Pin=D3-2
Added Pin To Net: NetName=INPUT Pin=F1-2
Added Pin To Net: NetName=VIN Pin=H1-1
Added Pin To Net: NetName=TXD Pin=H1-2
Added Pin To Net: NetName=GND Pin=H1-3
Added Pin To Net: NetName=GND Pin=H1-4
Added Pin To Net: NetName=NTC Pin=H1-5
Added Pin To Net: NetName=MCU_IN Pin=J3-1
Added Pin To Net: NetName=GND Pin=J3-2
Added Pin To Net: NetName=INPUT Pin=L2-1
Added Pin To Net: NetName=VIN Pin=L2-2
Added Pin To Net: NetName=NetQ1_1 Pin=R11-2
Added Pin To Net: NetName=NetQ1_1 Pin=U2-7
Change Net Name : Old Net Name=INPUT New Net Name=NetD3_2
Change Net Name : Old Net Name=NetQ1_1 New Net Name=CB_ADC_2
Change Net Name : Old Net Name=NTC New Net Name=CB_1
Change Net Name : Old Net Name=NTC_ADC_IN New Net Name=CB_ADC_1
Added Pin To Net: NetName=CB_2 Pin=C10-2
Added Pin To Net: NetName=CB_2 Pin=H1-6
Added Pin To Net: NetName=CB_2 Pin=R9-1
Added Pin To Net: NetName=CB_2 Pin=R11-1
Added Net: Name=CB_2
Added Member To Class: ClassName=ACT01_RS232 V3.0 Member=Component C10 100nF
Added Member To Class: ClassName=ACT01_RS232 V3.0 Member=Component C11 100nF
Added Member To Class: ClassName=ACT01_RS232 V3.0 Member=Component H1 KF128-6P
Added Member To Class: ClassName=ACT01_RS232 V3.0 Member=Component L2 15uH
Added Room: Name=ACT01_RS232 V3.0
