Removed Pin From Net: NetName=D_P Pin=2-1
Removed Pin From Net: NetName=D_P Pin=2-1
Removed Pin From Net: NetName=GND Pin=3-1
Removed Pin From Net: NetName=GND Pin=3-1
Removed Pin From Net: NetName=D_N Pin=4-1
Removed Pin From Net: NetName=D_N Pin=4-1
Removed Pin From Net: NetName=VBUS Pin=D8-2
Removed Member From Class: ClassName=U_05 Cellular Member=1
Removed Member From Class: ClassName=U_05 Cellular Member=2
Removed Member From Class: ClassName=U_05 Cellular Member=3
Removed Member From Class: ClassName=U_05 Cellular Member=4
Removed Member From Class: ClassName=U_05 Cellular Member=D8
Change Component Comment : Designator=Q8 Old Comment=2N3904 New Comment=2N3904_NM
Change Component Comment : Designator=Q13 Old Comment=2N3904 New Comment=2N3904_NM
Change Component Comment : Designator=F1 Old Comment=60V-550mA New Comment=60V-750mA
Change Component Comment : Designator=R14 Old Comment=510K New Comment=294K
Change Component Comment : Designator=R33 Old Comment=510K New Comment=294K
Change Component Comment : Designator=D2 Old Comment=SMCJ33A New Comment=SMCJ36A
Change component parameters: Designator = "R14" ("R14"); Footprint = "0603 - R"; UniqueID = "\KZUTFWLC\NIOOSXPK" ("\KZUTFWLC\NIOOSXPK")
Change component parameters (AddParameter): Name = "Company ID"; Value = "VT_ÐI?N TR?_R0603 294K"; VariantName = "[No Variations]"
Change component parameters (AddParameter): Name = "MFR"; Value = "Yageo"; VariantName = "[No Variations]"
Change component parameters (AddParameter): Name = "MPN"; Value = "RC0603FR-07294KL"; VariantName = "[No Variations]"
Change component parameters (AddParameter): Name = "Value"; Value = "294K"; VariantName = "[No Variations]"
Change component parameters: Designator = "R15" ("R15"); Footprint = "0603 - R"; UniqueID = "\KZUTFWLC\TSGMFADS" ("\KZUTFWLC\TSGMFADS")
Change component parameters (AddParameter): Name = "Company ID"; Value = "VT_ÐI?N TR?_R0603 294K"; VariantName = "[No Variations]"
Change component parameters (AddParameter): Name = "MFR"; Value = "Yageo"; VariantName = "[No Variations]"
Change component parameters (AddParameter): Name = "MPN"; Value = "RC0603FR-07294KL"; VariantName = "[No Variations]"
Change component parameters (AddParameter): Name = "Value"; Value = "294K"; VariantName = "[No Variations]"
Change component parameters: Designator = "R33" ("R33"); Footprint = "0603 - R"; UniqueID = "\XXZRMXRU\MMEAVHPQ" ("\XXZRMXRU\MMEAVHPQ")
Change component parameters (AddParameter): Name = "Company ID"; Value = "VT_ÐI?N TR?_R0603 294K"; VariantName = "[No Variations]"
Change component parameters (AddParameter): Name = "MFR"; Value = "Yageo"; VariantName = "[No Variations]"
Change component parameters (AddParameter): Name = "MPN"; Value = "RC0603FR-07294KL"; VariantName = "[No Variations]"
Change component parameters (AddParameter): Name = "Value"; Value = "294K"; VariantName = "[No Variations]"
