Change Component Footprint: Designator=C35 Old Footprint=0402 - C New Footprint=0603 - C
Change Component Footprint: Designator=C36 Old Footprint=0402 - C New Footprint=0603 - C
Change Component Footprint: Designator=R26 Old Footprint=0402 - R New Footprint=0603 - R
Change component parameters: Designator = "C35" ("C35"); Footprint = "0402 - C"; UniqueID = "\KZUTFWLC\EVRUUPRT" ("\KZUTFWLC\EVRUUPRT")
Change component parameters (AddParameter): Name = "Company ID"; Value = "VT_CAP_C0603 NM"; VariantName = "[No Variations]"
Change component parameters (AddParameter): Name = "MFR"; Value = "Yageo"; VariantName = "[No Variations]"
Change component parameters (AddParameter): Name = "MPN"; Value = "NM"; VariantName = "[No Variations]"
Change component parameters (AddParameter): Name = "Size"; Value = "C0603: NM"; VariantName = "[No Variations]"
Change component parameters (AddParameter): Name = "Value"; Value = "NM"; VariantName = "[No Variations]"
Change component parameters: Designator = "C36" ("C36"); Footprint = "0402 - C"; UniqueID = "\KZUTFWLC\XUVQMHHV" ("\KZUTFWLC\XUVQMHHV")
Change component parameters (AddParameter): Name = "Company ID"; Value = "VT_CAP_C0603 NM"; VariantName = "[No Variations]"
Change component parameters (AddParameter): Name = "MFR"; Value = "Yageo"; VariantName = "[No Variations]"
Change component parameters (AddParameter): Name = "MPN"; Value = "NM"; VariantName = "[No Variations]"
Change component parameters (AddParameter): Name = "Size"; Value = "C0603: NM"; VariantName = "[No Variations]"
Change component parameters (AddParameter): Name = "Value"; Value = "NM"; VariantName = "[No Variations]"
Change component parameters: Designator = "R26" ("R26"); Footprint = "0402 - R"; UniqueID = "\KZUTFWLC\DQHUFUST" ("\KZUTFWLC\DQHUFUST")
Change component parameters (AddParameter): Name = "Company ID"; Value = "VT_RES_R0603 0R"; VariantName = "[No Variations]"
Change component parameters (AddParameter): Name = "MFR"; Value = "Yageo"; VariantName = "[No Variations]"
Change component parameters (AddParameter): Name = "MPN"; Value = "RC0603FR-070RL"; VariantName = "[No Variations]"
Change component parameters (AddParameter): Name = "Size"; Value = "R0603: 0R"; VariantName = "[No Variations]"
Change component parameters (AddParameter): Name = "Value"; Value = "0R"; VariantName = "[No Variations]"
