Removed Pin From Net: NetName=3V3 Pin=C9-1
Removed Pin From Net: NetName=GND Pin=C10-1
Removed Pin From Net: NetName=3V3 Pin=C10-2
Removed Pin From Net: NetName=NetC11_1 Pin=C11-1
Removed Pin From Net: NetName=NetC11_2 Pin=C11-2
Removed Pin From Net: NetName=NetC12_1 Pin=C12-1
Removed Pin From Net: NetName=NetC12_2 Pin=C12-2
Removed Pin From Net: NetName=GND Pin=C13-1
Removed Pin From Net: NetName=NetC13_2 Pin=C13-2
Removed Pin From Net: NetName=TXD Pin=R8-2
Removed Pin From Net: NetName=NetC11_2 Pin=U3-1
Removed Pin From Net: NetName=NetC9_2 Pin=U3-2
Removed Pin From Net: NetName=NetC11_1 Pin=U3-3
Removed Pin From Net: NetName=NetC12_2 Pin=U3-4
Removed Pin From Net: NetName=NetC12_1 Pin=U3-5
Removed Pin From Net: NetName=NetC13_2 Pin=U3-6
Removed Pin From Net: NetName=UART2_TX Pin=U3-10
Removed Pin From Net: NetName=GND Pin=U3-15
Removed Pin From Net: NetName=3V3 Pin=U3-16
Removed Member From Class: ClassName=ACT01_RS232 V2.0 Member=C10
Removed Member From Class: ClassName=ACT01_RS232 V2.0 Member=C11
Removed Member From Class: ClassName=ACT01_RS232 V2.0 Member=C12
Removed Member From Class: ClassName=ACT01_RS232 V2.0 Member=C13
Removed Member From Class: ClassName=ACT01_RS232 V2.0 Member=U3
Change Component Comment : Designator=R8 Old Comment=1K New Comment=10K
Change Component Comment : Designator=R9 Old Comment=1K New Comment=10K
Change component parameters: Designator = "C1" ("C1"); Footprint = "0603 - C"; UniqueID = "\NMVSAGQF" ("\NMVSAGQF")
Change component parameters (AddParameter): Name = "Company ID"; Value = "VT_T? ÐI?N_C0603 100nF"; VariantName = "[No Variations]"
Change component parameters (AddParameter): Name = "MFR"; Value = "SAMSUNG"; VariantName = "[No Variations]"
Change component parameters (AddParameter): Name = "MPN"; Value = "CL10C104JB8NNNC"; VariantName = "[No Variations]"
Change component parameters (AddParameter): Name = "Package"; Value = "0603"; VariantName = "[No Variations]"
Change component parameters (AddParameter): Name = "Size"; Value = "C0603: 100nF"; VariantName = "[No Variations]"
Change component parameters (AddParameter): Name = "Value"; Value = "100nF"; VariantName = "[No Variations]"
Change component parameters (AddParameter): Name = "Voltage"; Value = "50V"; VariantName = "[No Variations]"
Change component parameters: Designator = "C3" ("C3"); Footprint = "0603 - C"; UniqueID = "\BAGXZLRR" ("\BAGXZLRR")
Change component parameters (AddParameter): Name = "Company ID"; Value = "VT_T? ÐI?N_C0603 100nF"; VariantName = "[No Variations]"
Change component parameters (AddParameter): Name = "MFR"; Value = "SAMSUNG"; VariantName = "[No Variations]"
Change component parameters (AddParameter): Name = "MPN"; Value = "CL10C104JB8NNNC"; VariantName = "[No Variations]"
Change component parameters (AddParameter): Name = "Package"; Value = "0603"; VariantName = "[No Variations]"
Change component parameters (AddParameter): Name = "Size"; Value = "C0603: 100nF"; VariantName = "[No Variations]"
Change component parameters (AddParameter): Name = "Value"; Value = "100nF"; VariantName = "[No Variations]"
Change component parameters (AddParameter): Name = "Voltage"; Value = "50V"; VariantName = "[No Variations]"
Change component parameters: Designator = "C4" ("C4"); Footprint = "0603 - C"; UniqueID = "\WHYHAZIM" ("\WHYHAZIM")
Change component parameters (AddParameter): Name = "Company ID"; Value = "VT_T? ÐI?N_C0603 100nF"; VariantName = "[No Variations]"
Change component parameters (AddParameter): Name = "MFR"; Value = "SAMSUNG"; VariantName = "[No Variations]"
Change component parameters (AddParameter): Name = "MPN"; Value = "CL10C104JB8NNNC"; VariantName = "[No Variations]"
Change component parameters (AddParameter): Name = "Package"; Value = "0603"; VariantName = "[No Variations]"
Change component parameters (AddParameter): Name = "Size"; Value = "C0603: 100nF"; VariantName = "[No Variations]"
Change component parameters (AddParameter): Name = "Value"; Value = "100nF"; VariantName = "[No Variations]"
Change component parameters (AddParameter): Name = "Voltage"; Value = "50V"; VariantName = "[No Variations]"
Change component parameters: Designator = "C6" ("C6"); Footprint = "0603 - C"; UniqueID = "\WLLLBTAR" ("\WLLLBTAR")
Change component parameters (AddParameter): Name = "Company ID"; Value = "VT_T? ÐI?N_C0603 100nF"; VariantName = "[No Variations]"
Change component parameters (AddParameter): Name = "MFR"; Value = "SAMSUNG"; VariantName = "[No Variations]"
Change component parameters (AddParameter): Name = "MPN"; Value = "CL10C104JB8NNNC"; VariantName = "[No Variations]"
Change component parameters (AddParameter): Name = "Package"; Value = "0603"; VariantName = "[No Variations]"
Change component parameters (AddParameter): Name = "Size"; Value = "C0603: 100nF"; VariantName = "[No Variations]"
Change component parameters (AddParameter): Name = "Value"; Value = "100nF"; VariantName = "[No Variations]"
Change component parameters (AddParameter): Name = "Voltage"; Value = "50V"; VariantName = "[No Variations]"
Change component parameters: Designator = "C7" ("C7"); Footprint = "0603 - C"; UniqueID = "\EEQMIDRD" ("\EEQMIDRD")
Change component parameters (AddParameter): Name = "Company ID"; Value = "VT_T? ÐI?N_C0603 100nF"; VariantName = "[No Variations]"
Change component parameters (AddParameter): Name = "MFR"; Value = "SAMSUNG"; VariantName = "[No Variations]"
Change component parameters (AddParameter): Name = "MPN"; Value = "CL10C104JB8NNNC"; VariantName = "[No Variations]"
Change component parameters (AddParameter): Name = "Package"; Value = "0603"; VariantName = "[No Variations]"
Change component parameters (AddParameter): Name = "Size"; Value = "C0603: 100nF"; VariantName = "[No Variations]"
Change component parameters (AddParameter): Name = "Value"; Value = "100nF"; VariantName = "[No Variations]"
Change component parameters (AddParameter): Name = "Voltage"; Value = "50V"; VariantName = "[No Variations]"
Change component parameters: Designator = "R2" ("R2"); Footprint = "0603 - R"; UniqueID = "\RSSSPEIT" ("\RSSSPEIT")
Change component parameters (AddParameter): Name = "Company ID"; Value = "VT_ÐI?N TR?_R0603 1M"; VariantName = "[No Variations]"
Change component parameters (AddParameter): Name = "MFR"; Value = "Yageo"; VariantName = "[No Variations]"
Change component parameters (AddParameter): Name = "MPN"; Value = "RC0603FR-071ML"; VariantName = "[No Variations]"
Change component parameters (AddParameter): Name = "Value"; Value = "1M"; VariantName = "[No Variations]"
Change component parameters: Designator = "R3" ("R3"); Footprint = "0603 - R"; UniqueID = "\WZWELKPX" ("\WZWELKPX")
Change component parameters (AddParameter): Name = "Company ID"; Value = "VT_ÐI?N TR?_R0603 15K"; VariantName = "[No Variations]"
Change component parameters (AddParameter): Name = "MFR"; Value = "Yageo"; VariantName = "[No Variations]"
Change component parameters (AddParameter): Name = "MPN"; Value = "RC0603FR-0715KL"; VariantName = "[No Variations]"
Change component parameters (AddParameter): Name = "Size"; Value = "R0603: 15K"; VariantName = "[No Variations]"
Change component parameters (AddParameter): Name = "Value"; Value = "15K"; VariantName = "[No Variations]"
Change component parameters: Designator = "R6" ("R6"); Footprint = "0603 - R"; UniqueID = "\CLPXZVIB" ("\CLPXZVIB")
Change component parameters (AddParameter): Name = "Company ID"; Value = "VT_ÐI?N TR?_R0603 10K"; VariantName = "[No Variations]"
Change component parameters (AddParameter): Name = "MFR"; Value = "Yageo"; VariantName = "[No Variations]"
Change component parameters (AddParameter): Name = "MPN"; Value = "RC0603FR-0710KL"; VariantName = "[No Variations]"
Change component parameters (AddParameter): Name = "Size"; Value = "R0603: 10K"; VariantName = "[No Variations]"
Change component parameters (AddParameter): Name = "Value"; Value = "10K"; VariantName = "[No Variations]"
Change component parameters: Designator = "R8" ("R8"); Footprint = "0603 - R"; UniqueID = "\JQGUCKYX" ("\JQGUCKYX")
Change component parameters (AddParameter): Name = "Company ID"; Value = "VT_RES_R0603 10K"; VariantName = "[No Variations]"
Change component parameters (AddParameter): Name = "MFR"; Value = "Yageo"; VariantName = "[No Variations]"
Change component parameters (AddParameter): Name = "MPN"; Value = "RC0603FR-0710KL"; VariantName = "[No Variations]"
Change component parameters (AddParameter): Name = "Size"; Value = "R0603: 10K"; VariantName = "[No Variations]"
Change component parameters (AddParameter): Name = "Value"; Value = "10K"; VariantName = "[No Variations]"
Change component parameters: Designator = "R9" ("R9"); Footprint = "0603 - R"; UniqueID = "\VPZAXXKR" ("\VPZAXXKR")
Change component parameters (AddParameter): Name = "Company ID"; Value = "VT_ÐI?N TR?_R0603 10K"; VariantName = "[No Variations]"
Change component parameters (AddParameter): Name = "MFR"; Value = "Yageo"; VariantName = "[No Variations]"
Change component parameters (AddParameter): Name = "MPN"; Value = "RC0603FR-0710KL"; VariantName = "[No Variations]"
Change component parameters (AddParameter): Name = "Size"; Value = "R0603: 10K"; VariantName = "[No Variations]"
Change component parameters (AddParameter): Name = "Value"; Value = "10K"; VariantName = "[No Variations]"
Added Component: Designator=Q1(SOT23B)
Add component (AddParameter): Name = "Company ID"; Value = "VT_TRANSISTOR_3904"; VariantName = "[No Variations]"
Add component (AddParameter): Name = "MFR"; Value = "Fairchild"; VariantName = "[No Variations]"
Add component (AddParameter): Name = "MPN"; Value = "MMBT3904"; VariantName = "[No Variations]"
Added Component: Designator=Q2(SOT23B)
Add component (AddParameter): Name = "Company ID"; Value = "VT_TRANSISTOR_3906"; VariantName = "[No Variations]"
Add component (AddParameter): Name = "MFR"; Value = "Fairchild"; VariantName = "[No Variations]"
Add component (AddParameter): Name = "MPN"; Value = "MMBT3906"; VariantName = "[No Variations]"
Added Component: Designator=Q3(SOT23B)
Add component (AddParameter): Name = "Company ID"; Value = "VT_TRANSISTOR_3904"; VariantName = "[No Variations]"
Add component (AddParameter): Name = "MFR"; Value = "Fairchild"; VariantName = "[No Variations]"
Add component (AddParameter): Name = "MPN"; Value = "MMBT3904"; VariantName = "[No Variations]"
Added Component: Designator=R10(0603 - R)
Add component (AddParameter): Name = "Company ID"; Value = "VT_ÐI?N TR?_R0603 1K"; VariantName = "[No Variations]"
Add component (AddParameter): Name = "MFR"; Value = "Yageo"; VariantName = "[No Variations]"
Add component (AddParameter): Name = "MPN"; Value = "RC0603FR-071KL"; VariantName = "[No Variations]"
Add component (AddParameter): Name = "Size"; Value = "R0603: 1K"; VariantName = "[No Variations]"
Add component (AddParameter): Name = "Value"; Value = "1K"; VariantName = "[No Variations]"
Added Component: Designator=R11(0603 - R)
Add component (AddParameter): Name = "Company ID"; Value = "VT_ÐI?N TR?_R0603 68K"; VariantName = "[No Variations]"
Add component (AddParameter): Name = "MFR"; Value = "Yageo"; VariantName = "[No Variations]"
Add component (AddParameter): Name = "MPN"; Value = "RC0603FR-0768KL"; VariantName = "[No Variations]"
Add component (AddParameter): Name = "Size"; Value = "R0603: 68K"; VariantName = "[No Variations]"
Add component (AddParameter): Name = "Value"; Value = "68K"; VariantName = "[No Variations]"
Added Component: Designator=R12(0603 - R)
Add component (AddParameter): Name = "Company ID"; Value = "VT_RES_R0603 10K"; VariantName = "[No Variations]"
Add component (AddParameter): Name = "MFR"; Value = "Yageo"; VariantName = "[No Variations]"
Add component (AddParameter): Name = "MPN"; Value = "RC0603FR-0710KL"; VariantName = "[No Variations]"
Add component (AddParameter): Name = "Size"; Value = "R0603: 10K"; VariantName = "[No Variations]"
Add component (AddParameter): Name = "Value"; Value = "10K"; VariantName = "[No Variations]"
Added Component: Designator=R13(0603 - R)
Add component (AddParameter): Name = "Company ID"; Value = "VT_ÐI?N TR?_R0603 1K"; VariantName = "[No Variations]"
Add component (AddParameter): Name = "MFR"; Value = "Yageo"; VariantName = "[No Variations]"
Add component (AddParameter): Name = "MPN"; Value = "RC0603FR-071KL"; VariantName = "[No Variations]"
Add component (AddParameter): Name = "Size"; Value = "R0603: 1K"; VariantName = "[No Variations]"
Add component (AddParameter): Name = "Value"; Value = "1K"; VariantName = "[No Variations]"
Added Pin To Net: NetName=GND Pin=C9-1
Added Pin To Net: NetName=NetC13_2 Pin=J4-1
Added Pin To Net: NetName=NetC12_1 Pin=Q1-1
Added Pin To Net: NetName=GND Pin=Q1-2
Added Pin To Net: NetName=NetC12_2 Pin=Q1-3
Added Pin To Net: NetName=NetC11_2 Pin=Q2-1
Added Pin To Net: NetName=3V3 Pin=Q2-2
Added Pin To Net: NetName=NetC11_1 Pin=Q2-3
Added Pin To Net: NetName=3V3 Pin=Q3-1
Added Pin To Net: NetName=UART2_TX Pin=Q3-2
Added Pin To Net: NetName=NetC11_2 Pin=Q3-3
Added Pin To Net: NetName=NetC9_2 Pin=R8-1
Added Pin To Net: NetName=NetC11_1 Pin=R8-2
Added Pin To Net: NetName=NetC12_2 Pin=R9-1
Added Pin To Net: NetName=3V3 Pin=R9-2
Added Pin To Net: NetName=NetC11_1 Pin=R10-1
Added Pin To Net: NetName=TXD Pin=R10-2
Added Pin To Net: NetName=NetC12_1 Pin=R11-1
Added Pin To Net: NetName=NetC13_2 Pin=R11-2
Added Pin To Net: NetName=NetC12_1 Pin=R12-1
Added Pin To Net: NetName=GND Pin=R12-2
Added Pin To Net: NetName=NetC11_2 Pin=R13-1
Added Pin To Net: NetName=3V3 Pin=R13-2
Added Pin To Net: NetName=NetC12_2 Pin=U2-16
Change Net Name : Old Net Name=NetC11_1 New Net Name=NetQ2_3
Change Net Name : Old Net Name=NetC11_2 New Net Name=NetQ2_1
Change Net Name : Old Net Name=NetC12_1 New Net Name=NetQ1_1
Change Net Name : Old Net Name=NetC12_2 New Net Name=MCU_IN
Change Net Name : Old Net Name=NetC13_2 New Net Name=INPUT
Change Class Name : Old Net Name=ACT01_RS232 V2.0 New Net Name=ACT01_RS232 V3.0
Added Member To Class: ClassName=ACT01_RS232 V3.0 Member=Component J1 Test Point
Added Member To Class: ClassName=ACT01_RS232 V3.0 Member=Component Q1 2N3904
Added Member To Class: ClassName=ACT01_RS232 V3.0 Member=Component Q2 2N3906
Added Member To Class: ClassName=ACT01_RS232 V3.0 Member=Component Q3 2N3904
Added Member To Class: ClassName=ACT01_RS232 V3.0 Member=Component R10 1K
Added Member To Class: ClassName=ACT01_RS232 V3.0 Member=Component R11 68K
Added Member To Class: ClassName=ACT01_RS232 V3.0 Member=Component R12 10K
Added Member To Class: ClassName=ACT01_RS232 V3.0 Member=Component R13 1K
Added Room: Name=ACT01_RS232 V3.0
