Removed Pin From Net: NetName=GND Pin=C21-1
Removed Pin From Net: NetName=2V8 Pin=C21-2
Removed Pin From Net: NetName=GND Pin=GND-0
Removed Member From Class: ClassName=04 Open MCU Member=C21
Added Component: Designator=GND?(Test Point 1 MM)
Add component (AddParameter): Name = "Category"; Value = ""; VariantName = "[No Variations]"
Add component (AddParameter): Name = "CompanyID"; Value = ""; VariantName = "[No Variations]"
Add component (AddParameter): Name = "MFR"; Value = ""; VariantName = "[No Variations]"
Add component (AddParameter): Name = "MFR_URL"; Value = ""; VariantName = "[No Variations]"
Add component (AddParameter): Name = "MPN"; Value = ""; VariantName = "[No Variations]"
Add component (AddParameter): Name = "PinCount"; Value = ""; VariantName = "[No Variations]"
Add component (AddParameter): Name = "Solder"; Value = "NF"; VariantName = "[No Variations]"
Add component (AddParameter): Name = "Value"; Value = ""; VariantName = "[No Variations]"
Added Component: Designator=GND?(Test Point 1 MM)
Add component (AddParameter): Name = "Category"; Value = ""; VariantName = "[No Variations]"
Add component (AddParameter): Name = "CompanyID"; Value = ""; VariantName = "[No Variations]"
Add component (AddParameter): Name = "MFR"; Value = ""; VariantName = "[No Variations]"
Add component (AddParameter): Name = "MFR_URL"; Value = ""; VariantName = "[No Variations]"
Add component (AddParameter): Name = "MPN"; Value = ""; VariantName = "[No Variations]"
Add component (AddParameter): Name = "PinCount"; Value = ""; VariantName = "[No Variations]"
Add component (AddParameter): Name = "Solder"; Value = "NF"; VariantName = "[No Variations]"
Add component (AddParameter): Name = "Value"; Value = ""; VariantName = "[No Variations]"
Added Pin To Net: NetName=GND Pin=GND?-0
Added Pin To Net: NetName=GND Pin=GND?-0
Added Member To Class: ClassName=03 Power DC Member=Component GND?
Added Member To Class: ClassName=03 Power DC Member=Component GND?
Added Room: Name=03 Power DC
Added Room: Name=04 Open MCU
Added Room: Name=05 RFID
Added Room: Name=06 Memories
Added Room: Name=07 Motion
Added Room: Name=08 Peripherral
